[2026-03-29 23:37:12 UTC] ==================================================
[2026-03-29 23:37:12 UTC] ALADDIN GITHUB ACTIONS — Ejecucion
[2026-03-29 23:37:12 UTC] ==================================================
CRASH[2026-03-29 23:37:12 UTC]:HTTP Error 451: 
Traceback (most recent call last):
  File "/home/runner/work/aladdin-bot/aladdin-bot/bot/aladdin_bot.py", line 284, in <module>
    try: main()
         ^^^^^^
  File "/home/runner/work/aladdin-bot/aladdin-bot/bot/aladdin_bot.py", line 259, in main
    state = load_state(); usdt = get_balance("USDT"); equity = current_equity(state, usdt)
                                 ^^^^^^^^^^^^^^^^^^^
  File "/home/runner/work/aladdin-bot/aladdin-bot/bot/aladdin_bot.py", line 79, in get_balance
    c, d = signed_get("/api/v3/account", {})
           ^^^^^^^^^^^^^^^^^^^^^^^^^^^^^^^^^
  File "/home/runner/work/aladdin-bot/aladdin-bot/bot/aladdin_bot.py", line 67, in signed_get
    params = dict(params); params["timestamp"] = api_server_time(); params["recvWindow"] = 5000
                                                 ^^^^^^^^^^^^^^^^^
  File "/home/runner/work/aladdin-bot/aladdin-bot/bot/aladdin_bot.py", line 58, in api_server_time
    _, d = http_request(f"{BASE_URL}/api/v3/time")
           ^^^^^^^^^^^^^^^^^^^^^^^^^^^^^^^^^^^^^^^
  File "/home/runner/work/aladdin-bot/aladdin-bot/bot/aladdin_bot.py", line 49, in http_request
    with urllib.request.urlopen(req, timeout=timeout, context=ctx) as resp:
         ^^^^^^^^^^^^^^^^^^^^^^^^^^^^^^^^^^^^^^^^^^^^^^^^^^^^^^^^^
  File "/opt/hostedtoolcache/Python/3.12.13/x64/lib/python3.12/urllib/request.py", line 215, in urlopen
    return opener.open(url, data, timeout)
           ^^^^^^^^^^^^^^^^^^^^^^^^^^^^^^^
  File "/opt/hostedtoolcache/Python/3.12.13/x64/lib/python3.12/urllib/request.py", line 521, in open
    response = meth(req, response)
               ^^^^^^^^^^^^^^^^^^^
  File "/opt/hostedtoolcache/Python/3.12.13/x64/lib/python3.12/urllib/request.py", line 630, in http_response
    response = self.parent.error(
               ^^^^^^^^^^^^^^^^^^
  File "/opt/hostedtoolcache/Python/3.12.13/x64/lib/python3.12/urllib/request.py", line 559, in error
    return self._call_chain(*args)
           ^^^^^^^^^^^^^^^^^^^^^^^
  File "/opt/hostedtoolcache/Python/3.12.13/x64/lib/python3.12/urllib/request.py", line 492, in _call_chain
    result = func(*args)
             ^^^^^^^^^^^
  File "/opt/hostedtoolcache/Python/3.12.13/x64/lib/python3.12/urllib/request.py", line 639, in http_error_default
    raise HTTPError(req.full_url, code, msg, hdrs, fp)
urllib.error.HTTPError: HTTP Error 451: 

[2026-03-30 00:01:40 UTC] ==================================================
[2026-03-30 00:01:40 UTC] ALADDIN GITHUB ACTIONS — Ejecucion
[2026-03-30 00:01:40 UTC] ==================================================
CRASH[2026-03-30 00:01:40 UTC]:HTTP Error 451: 
Traceback (most recent call last):
  File "/home/runner/work/aladdin-bot/aladdin-bot/bot/aladdin_bot.py", line 284, in <module>
    try: main()
         ^^^^^^
  File "/home/runner/work/aladdin-bot/aladdin-bot/bot/aladdin_bot.py", line 259, in main
    state = load_state(); usdt = get_balance("USDT"); equity = current_equity(state, usdt)
                                 ^^^^^^^^^^^^^^^^^^^
  File "/home/runner/work/aladdin-bot/aladdin-bot/bot/aladdin_bot.py", line 79, in get_balance
    c, d = signed_get("/api/v3/account", {})
           ^^^^^^^^^^^^^^^^^^^^^^^^^^^^^^^^^
  File "/home/runner/work/aladdin-bot/aladdin-bot/bot/aladdin_bot.py", line 67, in signed_get
    params = dict(params); params["timestamp"] = api_server_time(); params["recvWindow"] = 5000
                                                 ^^^^^^^^^^^^^^^^^
  File "/home/runner/work/aladdin-bot/aladdin-bot/bot/aladdin_bot.py", line 58, in api_server_time
    _, d = http_request(f"{BASE_URL}/api/v3/time")
           ^^^^^^^^^^^^^^^^^^^^^^^^^^^^^^^^^^^^^^^
  File "/home/runner/work/aladdin-bot/aladdin-bot/bot/aladdin_bot.py", line 49, in http_request
    with urllib.request.urlopen(req, timeout=timeout, context=ctx) as resp:
         ^^^^^^^^^^^^^^^^^^^^^^^^^^^^^^^^^^^^^^^^^^^^^^^^^^^^^^^^^
  File "/opt/hostedtoolcache/Python/3.12.13/x64/lib/python3.12/urllib/request.py", line 215, in urlopen
    return opener.open(url, data, timeout)
           ^^^^^^^^^^^^^^^^^^^^^^^^^^^^^^^
  File "/opt/hostedtoolcache/Python/3.12.13/x64/lib/python3.12/urllib/request.py", line 521, in open
    response = meth(req, response)
               ^^^^^^^^^^^^^^^^^^^
  File "/opt/hostedtoolcache/Python/3.12.13/x64/lib/python3.12/urllib/request.py", line 630, in http_response
    response = self.parent.error(
               ^^^^^^^^^^^^^^^^^^
  File "/opt/hostedtoolcache/Python/3.12.13/x64/lib/python3.12/urllib/request.py", line 559, in error
    return self._call_chain(*args)
           ^^^^^^^^^^^^^^^^^^^^^^^
  File "/opt/hostedtoolcache/Python/3.12.13/x64/lib/python3.12/urllib/request.py", line 492, in _call_chain
    result = func(*args)
             ^^^^^^^^^^^
  File "/opt/hostedtoolcache/Python/3.12.13/x64/lib/python3.12/urllib/request.py", line 639, in http_error_default
    raise HTTPError(req.full_url, code, msg, hdrs, fp)
urllib.error.HTTPError: HTTP Error 451: 

[2026-03-30 03:36:21 UTC] ==================================================
[2026-03-30 03:36:21 UTC] ALADDIN GITHUB ACTIONS — Ejecucion
[2026-03-30 03:36:21 UTC] ==================================================
CRASH[2026-03-30 03:36:21 UTC]:HTTP Error 451: 
Traceback (most recent call last):
  File "/home/runner/work/aladdin-bot/aladdin-bot/bot/aladdin_bot.py", line 284, in <module>
    try: main()
         ^^^^^^
  File "/home/runner/work/aladdin-bot/aladdin-bot/bot/aladdin_bot.py", line 259, in main
    state = load_state(); usdt = get_balance("USDT"); equity = current_equity(state, usdt)
                                 ^^^^^^^^^^^^^^^^^^^
  File "/home/runner/work/aladdin-bot/aladdin-bot/bot/aladdin_bot.py", line 79, in get_balance
    c, d = signed_get("/api/v3/account", {})
           ^^^^^^^^^^^^^^^^^^^^^^^^^^^^^^^^^
  File "/home/runner/work/aladdin-bot/aladdin-bot/bot/aladdin_bot.py", line 67, in signed_get
    params = dict(params); params["timestamp"] = api_server_time(); params["recvWindow"] = 5000
                                                 ^^^^^^^^^^^^^^^^^
  File "/home/runner/work/aladdin-bot/aladdin-bot/bot/aladdin_bot.py", line 58, in api_server_time
    _, d = http_request(f"{BASE_URL}/api/v3/time")
           ^^^^^^^^^^^^^^^^^^^^^^^^^^^^^^^^^^^^^^^
  File "/home/runner/work/aladdin-bot/aladdin-bot/bot/aladdin_bot.py", line 49, in http_request
    with urllib.request.urlopen(req, timeout=timeout, context=ctx) as resp:
         ^^^^^^^^^^^^^^^^^^^^^^^^^^^^^^^^^^^^^^^^^^^^^^^^^^^^^^^^^
  File "/opt/hostedtoolcache/Python/3.12.13/x64/lib/python3.12/urllib/request.py", line 215, in urlopen
    return opener.open(url, data, timeout)
           ^^^^^^^^^^^^^^^^^^^^^^^^^^^^^^^
  File "/opt/hostedtoolcache/Python/3.12.13/x64/lib/python3.12/urllib/request.py", line 521, in open
    response = meth(req, response)
               ^^^^^^^^^^^^^^^^^^^
  File "/opt/hostedtoolcache/Python/3.12.13/x64/lib/python3.12/urllib/request.py", line 630, in http_response
    response = self.parent.error(
               ^^^^^^^^^^^^^^^^^^
  File "/opt/hostedtoolcache/Python/3.12.13/x64/lib/python3.12/urllib/request.py", line 559, in error
    return self._call_chain(*args)
           ^^^^^^^^^^^^^^^^^^^^^^^
  File "/opt/hostedtoolcache/Python/3.12.13/x64/lib/python3.12/urllib/request.py", line 492, in _call_chain
    result = func(*args)
             ^^^^^^^^^^^
  File "/opt/hostedtoolcache/Python/3.12.13/x64/lib/python3.12/urllib/request.py", line 639, in http_error_default
    raise HTTPError(req.full_url, code, msg, hdrs, fp)
urllib.error.HTTPError: HTTP Error 451: 

[2026-03-30 05:50:11 UTC] ==================================================
[2026-03-30 05:50:11 UTC] ALADDIN GITHUB ACTIONS — Ejecucion
[2026-03-30 05:50:11 UTC] ==================================================
CRASH[2026-03-30 05:50:11 UTC]:HTTP Error 451: 
Traceback (most recent call last):
  File "/home/runner/work/aladdin-bot/aladdin-bot/bot/aladdin_bot.py", line 284, in <module>
    try: main()
         ^^^^^^
  File "/home/runner/work/aladdin-bot/aladdin-bot/bot/aladdin_bot.py", line 259, in main
    state = load_state(); usdt = get_balance("USDT"); equity = current_equity(state, usdt)
                                 ^^^^^^^^^^^^^^^^^^^
  File "/home/runner/work/aladdin-bot/aladdin-bot/bot/aladdin_bot.py", line 79, in get_balance
    c, d = signed_get("/api/v3/account", {})
           ^^^^^^^^^^^^^^^^^^^^^^^^^^^^^^^^^
  File "/home/runner/work/aladdin-bot/aladdin-bot/bot/aladdin_bot.py", line 67, in signed_get
    params = dict(params); params["timestamp"] = api_server_time(); params["recvWindow"] = 5000
                                                 ^^^^^^^^^^^^^^^^^
  File "/home/runner/work/aladdin-bot/aladdin-bot/bot/aladdin_bot.py", line 58, in api_server_time
    _, d = http_request(f"{BASE_URL}/api/v3/time")
           ^^^^^^^^^^^^^^^^^^^^^^^^^^^^^^^^^^^^^^^
  File "/home/runner/work/aladdin-bot/aladdin-bot/bot/aladdin_bot.py", line 49, in http_request
    with urllib.request.urlopen(req, timeout=timeout, context=ctx) as resp:
         ^^^^^^^^^^^^^^^^^^^^^^^^^^^^^^^^^^^^^^^^^^^^^^^^^^^^^^^^^
  File "/opt/hostedtoolcache/Python/3.12.13/x64/lib/python3.12/urllib/request.py", line 215, in urlopen
    return opener.open(url, data, timeout)
           ^^^^^^^^^^^^^^^^^^^^^^^^^^^^^^^
  File "/opt/hostedtoolcache/Python/3.12.13/x64/lib/python3.12/urllib/request.py", line 521, in open
    response = meth(req, response)
               ^^^^^^^^^^^^^^^^^^^
  File "/opt/hostedtoolcache/Python/3.12.13/x64/lib/python3.12/urllib/request.py", line 630, in http_response
    response = self.parent.error(
               ^^^^^^^^^^^^^^^^^^
  File "/opt/hostedtoolcache/Python/3.12.13/x64/lib/python3.12/urllib/request.py", line 559, in error
    return self._call_chain(*args)
           ^^^^^^^^^^^^^^^^^^^^^^^
  File "/opt/hostedtoolcache/Python/3.12.13/x64/lib/python3.12/urllib/request.py", line 492, in _call_chain
    result = func(*args)
             ^^^^^^^^^^^
  File "/opt/hostedtoolcache/Python/3.12.13/x64/lib/python3.12/urllib/request.py", line 639, in http_error_default
    raise HTTPError(req.full_url, code, msg, hdrs, fp)
urllib.error.HTTPError: HTTP Error 451: 

[2026-03-30 07:12:59 UTC] ==================================================
[2026-03-30 07:12:59 UTC] ALADDIN GITHUB ACTIONS — Ejecucion
[2026-03-30 07:12:59 UTC] ==================================================
CRASH[2026-03-30 07:13:00 UTC]:HTTP Error 451: 
Traceback (most recent call last):
  File "/home/runner/work/aladdin-bot/aladdin-bot/bot/aladdin_bot.py", line 284, in <module>
    try: main()
         ^^^^^^
  File "/home/runner/work/aladdin-bot/aladdin-bot/bot/aladdin_bot.py", line 259, in main
    state = load_state(); usdt = get_balance("USDT"); equity = current_equity(state, usdt)
                                 ^^^^^^^^^^^^^^^^^^^
  File "/home/runner/work/aladdin-bot/aladdin-bot/bot/aladdin_bot.py", line 79, in get_balance
    c, d = signed_get("/api/v3/account", {})
           ^^^^^^^^^^^^^^^^^^^^^^^^^^^^^^^^^
  File "/home/runner/work/aladdin-bot/aladdin-bot/bot/aladdin_bot.py", line 67, in signed_get
    params = dict(params); params["timestamp"] = api_server_time(); params["recvWindow"] = 5000
                                                 ^^^^^^^^^^^^^^^^^
  File "/home/runner/work/aladdin-bot/aladdin-bot/bot/aladdin_bot.py", line 58, in api_server_time
    _, d = http_request(f"{BASE_URL}/api/v3/time")
           ^^^^^^^^^^^^^^^^^^^^^^^^^^^^^^^^^^^^^^^
  File "/home/runner/work/aladdin-bot/aladdin-bot/bot/aladdin_bot.py", line 49, in http_request
    with urllib.request.urlopen(req, timeout=timeout, context=ctx) as resp:
         ^^^^^^^^^^^^^^^^^^^^^^^^^^^^^^^^^^^^^^^^^^^^^^^^^^^^^^^^^
  File "/opt/hostedtoolcache/Python/3.12.13/x64/lib/python3.12/urllib/request.py", line 215, in urlopen
    return opener.open(url, data, timeout)
           ^^^^^^^^^^^^^^^^^^^^^^^^^^^^^^^
  File "/opt/hostedtoolcache/Python/3.12.13/x64/lib/python3.12/urllib/request.py", line 521, in open
    response = meth(req, response)
               ^^^^^^^^^^^^^^^^^^^
  File "/opt/hostedtoolcache/Python/3.12.13/x64/lib/python3.12/urllib/request.py", line 630, in http_response
    response = self.parent.error(
               ^^^^^^^^^^^^^^^^^^
  File "/opt/hostedtoolcache/Python/3.12.13/x64/lib/python3.12/urllib/request.py", line 559, in error
    return self._call_chain(*args)
           ^^^^^^^^^^^^^^^^^^^^^^^
  File "/opt/hostedtoolcache/Python/3.12.13/x64/lib/python3.12/urllib/request.py", line 492, in _call_chain
    result = func(*args)
             ^^^^^^^^^^^
  File "/opt/hostedtoolcache/Python/3.12.13/x64/lib/python3.12/urllib/request.py", line 639, in http_error_default
    raise HTTPError(req.full_url, code, msg, hdrs, fp)
urllib.error.HTTPError: HTTP Error 451: 

[2026-03-30 08:47:54 UTC] ==================================================
[2026-03-30 08:47:54 UTC] ALADDIN GITHUB ACTIONS — Ejecucion
[2026-03-30 08:47:54 UTC] ==================================================
CRASH[2026-03-30 08:47:54 UTC]:HTTP Error 451: 
Traceback (most recent call last):
  File "/home/runner/work/aladdin-bot/aladdin-bot/bot/aladdin_bot.py", line 284, in <module>
    try: main()
         ^^^^^^
  File "/home/runner/work/aladdin-bot/aladdin-bot/bot/aladdin_bot.py", line 259, in main
    state = load_state(); usdt = get_balance("USDT"); equity = current_equity(state, usdt)
                                 ^^^^^^^^^^^^^^^^^^^
  File "/home/runner/work/aladdin-bot/aladdin-bot/bot/aladdin_bot.py", line 79, in get_balance
    c, d = signed_get("/api/v3/account", {})
           ^^^^^^^^^^^^^^^^^^^^^^^^^^^^^^^^^
  File "/home/runner/work/aladdin-bot/aladdin-bot/bot/aladdin_bot.py", line 67, in signed_get
    params = dict(params); params["timestamp"] = api_server_time(); params["recvWindow"] = 5000
                                                 ^^^^^^^^^^^^^^^^^
  File "/home/runner/work/aladdin-bot/aladdin-bot/bot/aladdin_bot.py", line 58, in api_server_time
    _, d = http_request(f"{BASE_URL}/api/v3/time")
           ^^^^^^^^^^^^^^^^^^^^^^^^^^^^^^^^^^^^^^^
  File "/home/runner/work/aladdin-bot/aladdin-bot/bot/aladdin_bot.py", line 49, in http_request
    with urllib.request.urlopen(req, timeout=timeout, context=ctx) as resp:
         ^^^^^^^^^^^^^^^^^^^^^^^^^^^^^^^^^^^^^^^^^^^^^^^^^^^^^^^^^
  File "/opt/hostedtoolcache/Python/3.12.13/x64/lib/python3.12/urllib/request.py", line 215, in urlopen
    return opener.open(url, data, timeout)
           ^^^^^^^^^^^^^^^^^^^^^^^^^^^^^^^
  File "/opt/hostedtoolcache/Python/3.12.13/x64/lib/python3.12/urllib/request.py", line 521, in open
    response = meth(req, response)
               ^^^^^^^^^^^^^^^^^^^
  File "/opt/hostedtoolcache/Python/3.12.13/x64/lib/python3.12/urllib/request.py", line 630, in http_response
    response = self.parent.error(
               ^^^^^^^^^^^^^^^^^^
  File "/opt/hostedtoolcache/Python/3.12.13/x64/lib/python3.12/urllib/request.py", line 559, in error
    return self._call_chain(*args)
           ^^^^^^^^^^^^^^^^^^^^^^^
  File "/opt/hostedtoolcache/Python/3.12.13/x64/lib/python3.12/urllib/request.py", line 492, in _call_chain
    result = func(*args)
             ^^^^^^^^^^^
  File "/opt/hostedtoolcache/Python/3.12.13/x64/lib/python3.12/urllib/request.py", line 639, in http_error_default
    raise HTTPError(req.full_url, code, msg, hdrs, fp)
urllib.error.HTTPError: HTTP Error 451: 

[2026-03-30 10:04:52 UTC] ==================================================
[2026-03-30 10:04:52 UTC] ALADDIN GITHUB ACTIONS — Ejecucion
[2026-03-30 10:04:52 UTC] ==================================================
CRASH[2026-03-30 10:04:52 UTC]:HTTP Error 451: 
Traceback (most recent call last):
  File "/home/runner/work/aladdin-bot/aladdin-bot/bot/aladdin_bot.py", line 284, in <module>
    try: main()
         ^^^^^^
  File "/home/runner/work/aladdin-bot/aladdin-bot/bot/aladdin_bot.py", line 259, in main
    state = load_state(); usdt = get_balance("USDT"); equity = current_equity(state, usdt)
                                 ^^^^^^^^^^^^^^^^^^^
  File "/home/runner/work/aladdin-bot/aladdin-bot/bot/aladdin_bot.py", line 79, in get_balance
    c, d = signed_get("/api/v3/account", {})
           ^^^^^^^^^^^^^^^^^^^^^^^^^^^^^^^^^
  File "/home/runner/work/aladdin-bot/aladdin-bot/bot/aladdin_bot.py", line 67, in signed_get
    params = dict(params); params["timestamp"] = api_server_time(); params["recvWindow"] = 5000
                                                 ^^^^^^^^^^^^^^^^^
  File "/home/runner/work/aladdin-bot/aladdin-bot/bot/aladdin_bot.py", line 58, in api_server_time
    _, d = http_request(f"{BASE_URL}/api/v3/time")
           ^^^^^^^^^^^^^^^^^^^^^^^^^^^^^^^^^^^^^^^
  File "/home/runner/work/aladdin-bot/aladdin-bot/bot/aladdin_bot.py", line 49, in http_request
    with urllib.request.urlopen(req, timeout=timeout, context=ctx) as resp:
         ^^^^^^^^^^^^^^^^^^^^^^^^^^^^^^^^^^^^^^^^^^^^^^^^^^^^^^^^^
  File "/opt/hostedtoolcache/Python/3.12.13/x64/lib/python3.12/urllib/request.py", line 215, in urlopen
    return opener.open(url, data, timeout)
           ^^^^^^^^^^^^^^^^^^^^^^^^^^^^^^^
  File "/opt/hostedtoolcache/Python/3.12.13/x64/lib/python3.12/urllib/request.py", line 521, in open
    response = meth(req, response)
               ^^^^^^^^^^^^^^^^^^^
  File "/opt/hostedtoolcache/Python/3.12.13/x64/lib/python3.12/urllib/request.py", line 630, in http_response
    response = self.parent.error(
               ^^^^^^^^^^^^^^^^^^
  File "/opt/hostedtoolcache/Python/3.12.13/x64/lib/python3.12/urllib/request.py", line 559, in error
    return self._call_chain(*args)
           ^^^^^^^^^^^^^^^^^^^^^^^
  File "/opt/hostedtoolcache/Python/3.12.13/x64/lib/python3.12/urllib/request.py", line 492, in _call_chain
    result = func(*args)
             ^^^^^^^^^^^
  File "/opt/hostedtoolcache/Python/3.12.13/x64/lib/python3.12/urllib/request.py", line 639, in http_error_default
    raise HTTPError(req.full_url, code, msg, hdrs, fp)
urllib.error.HTTPError: HTTP Error 451: 

[2026-03-30 11:17:39 UTC] ==================================================
[2026-03-30 11:17:39 UTC] ALADDIN GITHUB ACTIONS — Ejecucion
[2026-03-30 11:17:39 UTC] ==================================================
CRASH[2026-03-30 11:17:39 UTC]:HTTP Error 451: 
Traceback (most recent call last):
  File "/home/runner/work/aladdin-bot/aladdin-bot/bot/aladdin_bot.py", line 284, in <module>
    try: main()
         ^^^^^^
  File "/home/runner/work/aladdin-bot/aladdin-bot/bot/aladdin_bot.py", line 259, in main
    state = load_state(); usdt = get_balance("USDT"); equity = current_equity(state, usdt)
                                 ^^^^^^^^^^^^^^^^^^^
  File "/home/runner/work/aladdin-bot/aladdin-bot/bot/aladdin_bot.py", line 79, in get_balance
    c, d = signed_get("/api/v3/account", {})
           ^^^^^^^^^^^^^^^^^^^^^^^^^^^^^^^^^
  File "/home/runner/work/aladdin-bot/aladdin-bot/bot/aladdin_bot.py", line 67, in signed_get
    params = dict(params); params["timestamp"] = api_server_time(); params["recvWindow"] = 5000
                                                 ^^^^^^^^^^^^^^^^^
  File "/home/runner/work/aladdin-bot/aladdin-bot/bot/aladdin_bot.py", line 58, in api_server_time
    _, d = http_request(f"{BASE_URL}/api/v3/time")
           ^^^^^^^^^^^^^^^^^^^^^^^^^^^^^^^^^^^^^^^
  File "/home/runner/work/aladdin-bot/aladdin-bot/bot/aladdin_bot.py", line 49, in http_request
    with urllib.request.urlopen(req, timeout=timeout, context=ctx) as resp:
         ^^^^^^^^^^^^^^^^^^^^^^^^^^^^^^^^^^^^^^^^^^^^^^^^^^^^^^^^^
  File "/opt/hostedtoolcache/Python/3.12.13/x64/lib/python3.12/urllib/request.py", line 215, in urlopen
    return opener.open(url, data, timeout)
           ^^^^^^^^^^^^^^^^^^^^^^^^^^^^^^^
  File "/opt/hostedtoolcache/Python/3.12.13/x64/lib/python3.12/urllib/request.py", line 521, in open
    response = meth(req, response)
               ^^^^^^^^^^^^^^^^^^^
  File "/opt/hostedtoolcache/Python/3.12.13/x64/lib/python3.12/urllib/request.py", line 630, in http_response
    response = self.parent.error(
               ^^^^^^^^^^^^^^^^^^
  File "/opt/hostedtoolcache/Python/3.12.13/x64/lib/python3.12/urllib/request.py", line 559, in error
    return self._call_chain(*args)
           ^^^^^^^^^^^^^^^^^^^^^^^
  File "/opt/hostedtoolcache/Python/3.12.13/x64/lib/python3.12/urllib/request.py", line 492, in _call_chain
    result = func(*args)
             ^^^^^^^^^^^
  File "/opt/hostedtoolcache/Python/3.12.13/x64/lib/python3.12/urllib/request.py", line 639, in http_error_default
    raise HTTPError(req.full_url, code, msg, hdrs, fp)
urllib.error.HTTPError: HTTP Error 451: 

[2026-03-30 12:08:13 UTC] ==================================================
[2026-03-30 12:08:13 UTC] ALADDIN GITHUB ACTIONS — Ejecucion
[2026-03-30 12:08:13 UTC] ==================================================
CRASH[2026-03-30 12:08:13 UTC]:HTTP Error 451: 
Traceback (most recent call last):
  File "/home/runner/work/aladdin-bot/aladdin-bot/bot/aladdin_bot.py", line 284, in <module>
    try: main()
         ^^^^^^
  File "/home/runner/work/aladdin-bot/aladdin-bot/bot/aladdin_bot.py", line 259, in main
    state = load_state(); usdt = get_balance("USDT"); equity = current_equity(state, usdt)
                                 ^^^^^^^^^^^^^^^^^^^
  File "/home/runner/work/aladdin-bot/aladdin-bot/bot/aladdin_bot.py", line 79, in get_balance
    c, d = signed_get("/api/v3/account", {})
           ^^^^^^^^^^^^^^^^^^^^^^^^^^^^^^^^^
  File "/home/runner/work/aladdin-bot/aladdin-bot/bot/aladdin_bot.py", line 67, in signed_get
    params = dict(params); params["timestamp"] = api_server_time(); params["recvWindow"] = 5000
                                                 ^^^^^^^^^^^^^^^^^
  File "/home/runner/work/aladdin-bot/aladdin-bot/bot/aladdin_bot.py", line 58, in api_server_time
    _, d = http_request(f"{BASE_URL}/api/v3/time")
           ^^^^^^^^^^^^^^^^^^^^^^^^^^^^^^^^^^^^^^^
  File "/home/runner/work/aladdin-bot/aladdin-bot/bot/aladdin_bot.py", line 49, in http_request
    with urllib.request.urlopen(req, timeout=timeout, context=ctx) as resp:
         ^^^^^^^^^^^^^^^^^^^^^^^^^^^^^^^^^^^^^^^^^^^^^^^^^^^^^^^^^
  File "/opt/hostedtoolcache/Python/3.12.13/x64/lib/python3.12/urllib/request.py", line 215, in urlopen
    return opener.open(url, data, timeout)
           ^^^^^^^^^^^^^^^^^^^^^^^^^^^^^^^
  File "/opt/hostedtoolcache/Python/3.12.13/x64/lib/python3.12/urllib/request.py", line 521, in open
    response = meth(req, response)
               ^^^^^^^^^^^^^^^^^^^
  File "/opt/hostedtoolcache/Python/3.12.13/x64/lib/python3.12/urllib/request.py", line 630, in http_response
    response = self.parent.error(
               ^^^^^^^^^^^^^^^^^^
  File "/opt/hostedtoolcache/Python/3.12.13/x64/lib/python3.12/urllib/request.py", line 559, in error
    return self._call_chain(*args)
           ^^^^^^^^^^^^^^^^^^^^^^^
  File "/opt/hostedtoolcache/Python/3.12.13/x64/lib/python3.12/urllib/request.py", line 492, in _call_chain
    result = func(*args)
             ^^^^^^^^^^^
  File "/opt/hostedtoolcache/Python/3.12.13/x64/lib/python3.12/urllib/request.py", line 639, in http_error_default
    raise HTTPError(req.full_url, code, msg, hdrs, fp)
urllib.error.HTTPError: HTTP Error 451: 

[2026-03-30 14:00:36 UTC] ==================================================
[2026-03-30 14:00:36 UTC] ALADDIN GITHUB ACTIONS — Ejecucion
[2026-03-30 14:00:36 UTC] ==================================================
CRASH[2026-03-30 14:00:37 UTC]:HTTP Error 451: 
Traceback (most recent call last):
  File "/home/runner/work/aladdin-bot/aladdin-bot/bot/aladdin_bot.py", line 284, in <module>
    try: main()
         ^^^^^^
  File "/home/runner/work/aladdin-bot/aladdin-bot/bot/aladdin_bot.py", line 259, in main
    state = load_state(); usdt = get_balance("USDT"); equity = current_equity(state, usdt)
                                 ^^^^^^^^^^^^^^^^^^^
  File "/home/runner/work/aladdin-bot/aladdin-bot/bot/aladdin_bot.py", line 79, in get_balance
    c, d = signed_get("/api/v3/account", {})
           ^^^^^^^^^^^^^^^^^^^^^^^^^^^^^^^^^
  File "/home/runner/work/aladdin-bot/aladdin-bot/bot/aladdin_bot.py", line 67, in signed_get
    params = dict(params); params["timestamp"] = api_server_time(); params["recvWindow"] = 5000
                                                 ^^^^^^^^^^^^^^^^^
  File "/home/runner/work/aladdin-bot/aladdin-bot/bot/aladdin_bot.py", line 58, in api_server_time
    _, d = http_request(f"{BASE_URL}/api/v3/time")
           ^^^^^^^^^^^^^^^^^^^^^^^^^^^^^^^^^^^^^^^
  File "/home/runner/work/aladdin-bot/aladdin-bot/bot/aladdin_bot.py", line 49, in http_request
    with urllib.request.urlopen(req, timeout=timeout, context=ctx) as resp:
         ^^^^^^^^^^^^^^^^^^^^^^^^^^^^^^^^^^^^^^^^^^^^^^^^^^^^^^^^^
  File "/opt/hostedtoolcache/Python/3.12.13/x64/lib/python3.12/urllib/request.py", line 215, in urlopen
    return opener.open(url, data, timeout)
           ^^^^^^^^^^^^^^^^^^^^^^^^^^^^^^^
  File "/opt/hostedtoolcache/Python/3.12.13/x64/lib/python3.12/urllib/request.py", line 521, in open
    response = meth(req, response)
               ^^^^^^^^^^^^^^^^^^^
  File "/opt/hostedtoolcache/Python/3.12.13/x64/lib/python3.12/urllib/request.py", line 630, in http_response
    response = self.parent.error(
               ^^^^^^^^^^^^^^^^^^
  File "/opt/hostedtoolcache/Python/3.12.13/x64/lib/python3.12/urllib/request.py", line 559, in error
    return self._call_chain(*args)
           ^^^^^^^^^^^^^^^^^^^^^^^
  File "/opt/hostedtoolcache/Python/3.12.13/x64/lib/python3.12/urllib/request.py", line 492, in _call_chain
    result = func(*args)
             ^^^^^^^^^^^
  File "/opt/hostedtoolcache/Python/3.12.13/x64/lib/python3.12/urllib/request.py", line 639, in http_error_default
    raise HTTPError(req.full_url, code, msg, hdrs, fp)
urllib.error.HTTPError: HTTP Error 451: 

[2026-03-30 15:22:51 UTC] ==================================================
[2026-03-30 15:22:51 UTC] ALADDIN GITHUB ACTIONS — Ejecucion
[2026-03-30 15:22:51 UTC] ==================================================
CRASH[2026-03-30 15:22:51 UTC]:HTTP Error 451: 
Traceback (most recent call last):
  File "/home/runner/work/aladdin-bot/aladdin-bot/bot/aladdin_bot.py", line 284, in <module>
    try: main()
         ^^^^^^
  File "/home/runner/work/aladdin-bot/aladdin-bot/bot/aladdin_bot.py", line 259, in main
    state = load_state(); usdt = get_balance("USDT"); equity = current_equity(state, usdt)
                                 ^^^^^^^^^^^^^^^^^^^
  File "/home/runner/work/aladdin-bot/aladdin-bot/bot/aladdin_bot.py", line 79, in get_balance
    c, d = signed_get("/api/v3/account", {})
           ^^^^^^^^^^^^^^^^^^^^^^^^^^^^^^^^^
  File "/home/runner/work/aladdin-bot/aladdin-bot/bot/aladdin_bot.py", line 67, in signed_get
    params = dict(params); params["timestamp"] = api_server_time(); params["recvWindow"] = 5000
                                                 ^^^^^^^^^^^^^^^^^
  File "/home/runner/work/aladdin-bot/aladdin-bot/bot/aladdin_bot.py", line 58, in api_server_time
    _, d = http_request(f"{BASE_URL}/api/v3/time")
           ^^^^^^^^^^^^^^^^^^^^^^^^^^^^^^^^^^^^^^^
  File "/home/runner/work/aladdin-bot/aladdin-bot/bot/aladdin_bot.py", line 49, in http_request
    with urllib.request.urlopen(req, timeout=timeout, context=ctx) as resp:
         ^^^^^^^^^^^^^^^^^^^^^^^^^^^^^^^^^^^^^^^^^^^^^^^^^^^^^^^^^
  File "/opt/hostedtoolcache/Python/3.12.13/x64/lib/python3.12/urllib/request.py", line 215, in urlopen
    return opener.open(url, data, timeout)
           ^^^^^^^^^^^^^^^^^^^^^^^^^^^^^^^
  File "/opt/hostedtoolcache/Python/3.12.13/x64/lib/python3.12/urllib/request.py", line 521, in open
    response = meth(req, response)
               ^^^^^^^^^^^^^^^^^^^
  File "/opt/hostedtoolcache/Python/3.12.13/x64/lib/python3.12/urllib/request.py", line 630, in http_response
    response = self.parent.error(
               ^^^^^^^^^^^^^^^^^^
  File "/opt/hostedtoolcache/Python/3.12.13/x64/lib/python3.12/urllib/request.py", line 559, in error
    return self._call_chain(*args)
           ^^^^^^^^^^^^^^^^^^^^^^^
  File "/opt/hostedtoolcache/Python/3.12.13/x64/lib/python3.12/urllib/request.py", line 492, in _call_chain
    result = func(*args)
             ^^^^^^^^^^^
  File "/opt/hostedtoolcache/Python/3.12.13/x64/lib/python3.12/urllib/request.py", line 639, in http_error_default
    raise HTTPError(req.full_url, code, msg, hdrs, fp)
urllib.error.HTTPError: HTTP Error 451: 

[2026-03-30 16:31:34 UTC] ==================================================
[2026-03-30 16:31:34 UTC] ALADDIN GITHUB ACTIONS — Ejecucion
[2026-03-30 16:31:34 UTC] ==================================================
CRASH[2026-03-30 16:31:34 UTC]:HTTP Error 451: 
Traceback (most recent call last):
  File "/home/runner/work/aladdin-bot/aladdin-bot/bot/aladdin_bot.py", line 284, in <module>
    try: main()
         ^^^^^^
  File "/home/runner/work/aladdin-bot/aladdin-bot/bot/aladdin_bot.py", line 259, in main
    state = load_state(); usdt = get_balance("USDT"); equity = current_equity(state, usdt)
                                 ^^^^^^^^^^^^^^^^^^^
  File "/home/runner/work/aladdin-bot/aladdin-bot/bot/aladdin_bot.py", line 79, in get_balance
    c, d = signed_get("/api/v3/account", {})
           ^^^^^^^^^^^^^^^^^^^^^^^^^^^^^^^^^
  File "/home/runner/work/aladdin-bot/aladdin-bot/bot/aladdin_bot.py", line 67, in signed_get
    params = dict(params); params["timestamp"] = api_server_time(); params["recvWindow"] = 5000
                                                 ^^^^^^^^^^^^^^^^^
  File "/home/runner/work/aladdin-bot/aladdin-bot/bot/aladdin_bot.py", line 58, in api_server_time
    _, d = http_request(f"{BASE_URL}/api/v3/time")
           ^^^^^^^^^^^^^^^^^^^^^^^^^^^^^^^^^^^^^^^
  File "/home/runner/work/aladdin-bot/aladdin-bot/bot/aladdin_bot.py", line 49, in http_request
    with urllib.request.urlopen(req, timeout=timeout, context=ctx) as resp:
         ^^^^^^^^^^^^^^^^^^^^^^^^^^^^^^^^^^^^^^^^^^^^^^^^^^^^^^^^^
  File "/opt/hostedtoolcache/Python/3.12.13/x64/lib/python3.12/urllib/request.py", line 215, in urlopen
    return opener.open(url, data, timeout)
           ^^^^^^^^^^^^^^^^^^^^^^^^^^^^^^^
  File "/opt/hostedtoolcache/Python/3.12.13/x64/lib/python3.12/urllib/request.py", line 521, in open
    response = meth(req, response)
               ^^^^^^^^^^^^^^^^^^^
  File "/opt/hostedtoolcache/Python/3.12.13/x64/lib/python3.12/urllib/request.py", line 630, in http_response
    response = self.parent.error(
               ^^^^^^^^^^^^^^^^^^
  File "/opt/hostedtoolcache/Python/3.12.13/x64/lib/python3.12/urllib/request.py", line 559, in error
    return self._call_chain(*args)
           ^^^^^^^^^^^^^^^^^^^^^^^
  File "/opt/hostedtoolcache/Python/3.12.13/x64/lib/python3.12/urllib/request.py", line 492, in _call_chain
    result = func(*args)
             ^^^^^^^^^^^
  File "/opt/hostedtoolcache/Python/3.12.13/x64/lib/python3.12/urllib/request.py", line 639, in http_error_default
    raise HTTPError(req.full_url, code, msg, hdrs, fp)
urllib.error.HTTPError: HTTP Error 451: 

[2026-03-30 17:33:43 UTC] ==================================================
[2026-03-30 17:33:43 UTC] ALADDIN GITHUB ACTIONS — Ejecucion
[2026-03-30 17:33:43 UTC] ==================================================
CRASH[2026-03-30 17:33:43 UTC]:HTTP Error 451: 
Traceback (most recent call last):
  File "/home/runner/work/aladdin-bot/aladdin-bot/bot/aladdin_bot.py", line 284, in <module>
    try: main()
         ^^^^^^
  File "/home/runner/work/aladdin-bot/aladdin-bot/bot/aladdin_bot.py", line 259, in main
    state = load_state(); usdt = get_balance("USDT"); equity = current_equity(state, usdt)
                                 ^^^^^^^^^^^^^^^^^^^
  File "/home/runner/work/aladdin-bot/aladdin-bot/bot/aladdin_bot.py", line 79, in get_balance
    c, d = signed_get("/api/v3/account", {})
           ^^^^^^^^^^^^^^^^^^^^^^^^^^^^^^^^^
  File "/home/runner/work/aladdin-bot/aladdin-bot/bot/aladdin_bot.py", line 67, in signed_get
    params = dict(params); params["timestamp"] = api_server_time(); params["recvWindow"] = 5000
                                                 ^^^^^^^^^^^^^^^^^
  File "/home/runner/work/aladdin-bot/aladdin-bot/bot/aladdin_bot.py", line 58, in api_server_time
    _, d = http_request(f"{BASE_URL}/api/v3/time")
           ^^^^^^^^^^^^^^^^^^^^^^^^^^^^^^^^^^^^^^^
  File "/home/runner/work/aladdin-bot/aladdin-bot/bot/aladdin_bot.py", line 49, in http_request
    with urllib.request.urlopen(req, timeout=timeout, context=ctx) as resp:
         ^^^^^^^^^^^^^^^^^^^^^^^^^^^^^^^^^^^^^^^^^^^^^^^^^^^^^^^^^
  File "/opt/hostedtoolcache/Python/3.12.13/x64/lib/python3.12/urllib/request.py", line 215, in urlopen
    return opener.open(url, data, timeout)
           ^^^^^^^^^^^^^^^^^^^^^^^^^^^^^^^
  File "/opt/hostedtoolcache/Python/3.12.13/x64/lib/python3.12/urllib/request.py", line 521, in open
    response = meth(req, response)
               ^^^^^^^^^^^^^^^^^^^
  File "/opt/hostedtoolcache/Python/3.12.13/x64/lib/python3.12/urllib/request.py", line 630, in http_response
    response = self.parent.error(
               ^^^^^^^^^^^^^^^^^^
  File "/opt/hostedtoolcache/Python/3.12.13/x64/lib/python3.12/urllib/request.py", line 559, in error
    return self._call_chain(*args)
           ^^^^^^^^^^^^^^^^^^^^^^^
  File "/opt/hostedtoolcache/Python/3.12.13/x64/lib/python3.12/urllib/request.py", line 492, in _call_chain
    result = func(*args)
             ^^^^^^^^^^^
  File "/opt/hostedtoolcache/Python/3.12.13/x64/lib/python3.12/urllib/request.py", line 639, in http_error_default
    raise HTTPError(req.full_url, code, msg, hdrs, fp)
urllib.error.HTTPError: HTTP Error 451: 

[2026-03-30 18:37:09 UTC] ==================================================
[2026-03-30 18:37:09 UTC] ALADDIN GITHUB ACTIONS — Ejecucion
[2026-03-30 18:37:09 UTC] ==================================================
CRASH[2026-03-30 18:37:09 UTC]:HTTP Error 451: 
Traceback (most recent call last):
  File "/home/runner/work/aladdin-bot/aladdin-bot/bot/aladdin_bot.py", line 284, in <module>
    try: main()
         ^^^^^^
  File "/home/runner/work/aladdin-bot/aladdin-bot/bot/aladdin_bot.py", line 259, in main
    state = load_state(); usdt = get_balance("USDT"); equity = current_equity(state, usdt)
                                 ^^^^^^^^^^^^^^^^^^^
  File "/home/runner/work/aladdin-bot/aladdin-bot/bot/aladdin_bot.py", line 79, in get_balance
    c, d = signed_get("/api/v3/account", {})
           ^^^^^^^^^^^^^^^^^^^^^^^^^^^^^^^^^
  File "/home/runner/work/aladdin-bot/aladdin-bot/bot/aladdin_bot.py", line 67, in signed_get
    params = dict(params); params["timestamp"] = api_server_time(); params["recvWindow"] = 5000
                                                 ^^^^^^^^^^^^^^^^^
  File "/home/runner/work/aladdin-bot/aladdin-bot/bot/aladdin_bot.py", line 58, in api_server_time
    _, d = http_request(f"{BASE_URL}/api/v3/time")
           ^^^^^^^^^^^^^^^^^^^^^^^^^^^^^^^^^^^^^^^
  File "/home/runner/work/aladdin-bot/aladdin-bot/bot/aladdin_bot.py", line 49, in http_request
    with urllib.request.urlopen(req, timeout=timeout, context=ctx) as resp:
         ^^^^^^^^^^^^^^^^^^^^^^^^^^^^^^^^^^^^^^^^^^^^^^^^^^^^^^^^^
  File "/opt/hostedtoolcache/Python/3.12.13/x64/lib/python3.12/urllib/request.py", line 215, in urlopen
    return opener.open(url, data, timeout)
           ^^^^^^^^^^^^^^^^^^^^^^^^^^^^^^^
  File "/opt/hostedtoolcache/Python/3.12.13/x64/lib/python3.12/urllib/request.py", line 521, in open
    response = meth(req, response)
               ^^^^^^^^^^^^^^^^^^^
  File "/opt/hostedtoolcache/Python/3.12.13/x64/lib/python3.12/urllib/request.py", line 630, in http_response
    response = self.parent.error(
               ^^^^^^^^^^^^^^^^^^
  File "/opt/hostedtoolcache/Python/3.12.13/x64/lib/python3.12/urllib/request.py", line 559, in error
    return self._call_chain(*args)
           ^^^^^^^^^^^^^^^^^^^^^^^
  File "/opt/hostedtoolcache/Python/3.12.13/x64/lib/python3.12/urllib/request.py", line 492, in _call_chain
    result = func(*args)
             ^^^^^^^^^^^
  File "/opt/hostedtoolcache/Python/3.12.13/x64/lib/python3.12/urllib/request.py", line 639, in http_error_default
    raise HTTPError(req.full_url, code, msg, hdrs, fp)
urllib.error.HTTPError: HTTP Error 451: 

[2026-03-30 19:39:09 UTC] ==================================================
[2026-03-30 19:39:09 UTC] ALADDIN GITHUB ACTIONS — Ejecucion
[2026-03-30 19:39:09 UTC] ==================================================
CRASH[2026-03-30 19:39:09 UTC]:HTTP Error 451: 
Traceback (most recent call last):
  File "/home/runner/work/aladdin-bot/aladdin-bot/bot/aladdin_bot.py", line 284, in <module>
    try: main()
         ^^^^^^
  File "/home/runner/work/aladdin-bot/aladdin-bot/bot/aladdin_bot.py", line 259, in main
    state = load_state(); usdt = get_balance("USDT"); equity = current_equity(state, usdt)
                                 ^^^^^^^^^^^^^^^^^^^
  File "/home/runner/work/aladdin-bot/aladdin-bot/bot/aladdin_bot.py", line 79, in get_balance
    c, d = signed_get("/api/v3/account", {})
           ^^^^^^^^^^^^^^^^^^^^^^^^^^^^^^^^^
  File "/home/runner/work/aladdin-bot/aladdin-bot/bot/aladdin_bot.py", line 67, in signed_get
    params = dict(params); params["timestamp"] = api_server_time(); params["recvWindow"] = 5000
                                                 ^^^^^^^^^^^^^^^^^
  File "/home/runner/work/aladdin-bot/aladdin-bot/bot/aladdin_bot.py", line 58, in api_server_time
    _, d = http_request(f"{BASE_URL}/api/v3/time")
           ^^^^^^^^^^^^^^^^^^^^^^^^^^^^^^^^^^^^^^^
  File "/home/runner/work/aladdin-bot/aladdin-bot/bot/aladdin_bot.py", line 49, in http_request
    with urllib.request.urlopen(req, timeout=timeout, context=ctx) as resp:
         ^^^^^^^^^^^^^^^^^^^^^^^^^^^^^^^^^^^^^^^^^^^^^^^^^^^^^^^^^
  File "/opt/hostedtoolcache/Python/3.12.13/x64/lib/python3.12/urllib/request.py", line 215, in urlopen
    return opener.open(url, data, timeout)
           ^^^^^^^^^^^^^^^^^^^^^^^^^^^^^^^
  File "/opt/hostedtoolcache/Python/3.12.13/x64/lib/python3.12/urllib/request.py", line 521, in open
    response = meth(req, response)
               ^^^^^^^^^^^^^^^^^^^
  File "/opt/hostedtoolcache/Python/3.12.13/x64/lib/python3.12/urllib/request.py", line 630, in http_response
    response = self.parent.error(
               ^^^^^^^^^^^^^^^^^^
  File "/opt/hostedtoolcache/Python/3.12.13/x64/lib/python3.12/urllib/request.py", line 559, in error
    return self._call_chain(*args)
           ^^^^^^^^^^^^^^^^^^^^^^^
  File "/opt/hostedtoolcache/Python/3.12.13/x64/lib/python3.12/urllib/request.py", line 492, in _call_chain
    result = func(*args)
             ^^^^^^^^^^^
  File "/opt/hostedtoolcache/Python/3.12.13/x64/lib/python3.12/urllib/request.py", line 639, in http_error_default
    raise HTTPError(req.full_url, code, msg, hdrs, fp)
urllib.error.HTTPError: HTTP Error 451: 

[2026-03-30 20:23:37 UTC] ==================================================
[2026-03-30 20:23:37 UTC] ALADDIN GITHUB ACTIONS — Ejecucion
[2026-03-30 20:23:37 UTC] ==================================================
CRASH[2026-03-30 20:23:37 UTC]:HTTP Error 451: 
Traceback (most recent call last):
  File "/home/runner/work/aladdin-bot/aladdin-bot/bot/aladdin_bot.py", line 284, in <module>
    try: main()
         ^^^^^^
  File "/home/runner/work/aladdin-bot/aladdin-bot/bot/aladdin_bot.py", line 259, in main
    state = load_state(); usdt = get_balance("USDT"); equity = current_equity(state, usdt)
                                 ^^^^^^^^^^^^^^^^^^^
  File "/home/runner/work/aladdin-bot/aladdin-bot/bot/aladdin_bot.py", line 79, in get_balance
    c, d = signed_get("/api/v3/account", {})
           ^^^^^^^^^^^^^^^^^^^^^^^^^^^^^^^^^
  File "/home/runner/work/aladdin-bot/aladdin-bot/bot/aladdin_bot.py", line 67, in signed_get
    params = dict(params); params["timestamp"] = api_server_time(); params["recvWindow"] = 5000
                                                 ^^^^^^^^^^^^^^^^^
  File "/home/runner/work/aladdin-bot/aladdin-bot/bot/aladdin_bot.py", line 58, in api_server_time
    _, d = http_request(f"{BASE_URL}/api/v3/time")
           ^^^^^^^^^^^^^^^^^^^^^^^^^^^^^^^^^^^^^^^
  File "/home/runner/work/aladdin-bot/aladdin-bot/bot/aladdin_bot.py", line 49, in http_request
    with urllib.request.urlopen(req, timeout=timeout, context=ctx) as resp:
         ^^^^^^^^^^^^^^^^^^^^^^^^^^^^^^^^^^^^^^^^^^^^^^^^^^^^^^^^^
  File "/opt/hostedtoolcache/Python/3.12.13/x64/lib/python3.12/urllib/request.py", line 215, in urlopen
    return opener.open(url, data, timeout)
           ^^^^^^^^^^^^^^^^^^^^^^^^^^^^^^^
  File "/opt/hostedtoolcache/Python/3.12.13/x64/lib/python3.12/urllib/request.py", line 521, in open
    response = meth(req, response)
               ^^^^^^^^^^^^^^^^^^^
  File "/opt/hostedtoolcache/Python/3.12.13/x64/lib/python3.12/urllib/request.py", line 630, in http_response
    response = self.parent.error(
               ^^^^^^^^^^^^^^^^^^
  File "/opt/hostedtoolcache/Python/3.12.13/x64/lib/python3.12/urllib/request.py", line 559, in error
    return self._call_chain(*args)
           ^^^^^^^^^^^^^^^^^^^^^^^
  File "/opt/hostedtoolcache/Python/3.12.13/x64/lib/python3.12/urllib/request.py", line 492, in _call_chain
    result = func(*args)
             ^^^^^^^^^^^
  File "/opt/hostedtoolcache/Python/3.12.13/x64/lib/python3.12/urllib/request.py", line 639, in http_error_default
    raise HTTPError(req.full_url, code, msg, hdrs, fp)
urllib.error.HTTPError: HTTP Error 451: 

[2026-03-30 21:05:23 UTC] ==================================================
[2026-03-30 21:05:23 UTC] ALADDIN GITHUB ACTIONS — Ejecucion
[2026-03-30 21:05:23 UTC] ==================================================
CRASH[2026-03-30 21:05:23 UTC]:HTTP Error 451: 
Traceback (most recent call last):
  File "/home/runner/work/aladdin-bot/aladdin-bot/bot/aladdin_bot.py", line 284, in <module>
    try: main()
         ^^^^^^
  File "/home/runner/work/aladdin-bot/aladdin-bot/bot/aladdin_bot.py", line 259, in main
    state = load_state(); usdt = get_balance("USDT"); equity = current_equity(state, usdt)
                                 ^^^^^^^^^^^^^^^^^^^
  File "/home/runner/work/aladdin-bot/aladdin-bot/bot/aladdin_bot.py", line 79, in get_balance
    c, d = signed_get("/api/v3/account", {})
           ^^^^^^^^^^^^^^^^^^^^^^^^^^^^^^^^^
  File "/home/runner/work/aladdin-bot/aladdin-bot/bot/aladdin_bot.py", line 67, in signed_get
    params = dict(params); params["timestamp"] = api_server_time(); params["recvWindow"] = 5000
                                                 ^^^^^^^^^^^^^^^^^
  File "/home/runner/work/aladdin-bot/aladdin-bot/bot/aladdin_bot.py", line 58, in api_server_time
    _, d = http_request(f"{BASE_URL}/api/v3/time")
           ^^^^^^^^^^^^^^^^^^^^^^^^^^^^^^^^^^^^^^^
  File "/home/runner/work/aladdin-bot/aladdin-bot/bot/aladdin_bot.py", line 49, in http_request
    with urllib.request.urlopen(req, timeout=timeout, context=ctx) as resp:
         ^^^^^^^^^^^^^^^^^^^^^^^^^^^^^^^^^^^^^^^^^^^^^^^^^^^^^^^^^
  File "/opt/hostedtoolcache/Python/3.12.13/x64/lib/python3.12/urllib/request.py", line 215, in urlopen
    return opener.open(url, data, timeout)
           ^^^^^^^^^^^^^^^^^^^^^^^^^^^^^^^
  File "/opt/hostedtoolcache/Python/3.12.13/x64/lib/python3.12/urllib/request.py", line 521, in open
    response = meth(req, response)
               ^^^^^^^^^^^^^^^^^^^
  File "/opt/hostedtoolcache/Python/3.12.13/x64/lib/python3.12/urllib/request.py", line 630, in http_response
    response = self.parent.error(
               ^^^^^^^^^^^^^^^^^^
  File "/opt/hostedtoolcache/Python/3.12.13/x64/lib/python3.12/urllib/request.py", line 559, in error
    return self._call_chain(*args)
           ^^^^^^^^^^^^^^^^^^^^^^^
  File "/opt/hostedtoolcache/Python/3.12.13/x64/lib/python3.12/urllib/request.py", line 492, in _call_chain
    result = func(*args)
             ^^^^^^^^^^^
  File "/opt/hostedtoolcache/Python/3.12.13/x64/lib/python3.12/urllib/request.py", line 639, in http_error_default
    raise HTTPError(req.full_url, code, msg, hdrs, fp)
urllib.error.HTTPError: HTTP Error 451: 

[2026-03-30 21:55:33 UTC] ==================================================
[2026-03-30 21:55:33 UTC] ALADDIN GITHUB ACTIONS — Ejecucion
[2026-03-30 21:55:33 UTC] ==================================================
CRASH[2026-03-30 21:55:33 UTC]:HTTP Error 451: 
Traceback (most recent call last):
  File "/home/runner/work/aladdin-bot/aladdin-bot/bot/aladdin_bot.py", line 284, in <module>
    try: main()
         ^^^^^^
  File "/home/runner/work/aladdin-bot/aladdin-bot/bot/aladdin_bot.py", line 259, in main
    state = load_state(); usdt = get_balance("USDT"); equity = current_equity(state, usdt)
                                 ^^^^^^^^^^^^^^^^^^^
  File "/home/runner/work/aladdin-bot/aladdin-bot/bot/aladdin_bot.py", line 79, in get_balance
    c, d = signed_get("/api/v3/account", {})
           ^^^^^^^^^^^^^^^^^^^^^^^^^^^^^^^^^
  File "/home/runner/work/aladdin-bot/aladdin-bot/bot/aladdin_bot.py", line 67, in signed_get
    params = dict(params); params["timestamp"] = api_server_time(); params["recvWindow"] = 5000
                                                 ^^^^^^^^^^^^^^^^^
  File "/home/runner/work/aladdin-bot/aladdin-bot/bot/aladdin_bot.py", line 58, in api_server_time
    _, d = http_request(f"{BASE_URL}/api/v3/time")
           ^^^^^^^^^^^^^^^^^^^^^^^^^^^^^^^^^^^^^^^
  File "/home/runner/work/aladdin-bot/aladdin-bot/bot/aladdin_bot.py", line 49, in http_request
    with urllib.request.urlopen(req, timeout=timeout, context=ctx) as resp:
         ^^^^^^^^^^^^^^^^^^^^^^^^^^^^^^^^^^^^^^^^^^^^^^^^^^^^^^^^^
  File "/opt/hostedtoolcache/Python/3.12.13/x64/lib/python3.12/urllib/request.py", line 215, in urlopen
    return opener.open(url, data, timeout)
           ^^^^^^^^^^^^^^^^^^^^^^^^^^^^^^^
  File "/opt/hostedtoolcache/Python/3.12.13/x64/lib/python3.12/urllib/request.py", line 521, in open
    response = meth(req, response)
               ^^^^^^^^^^^^^^^^^^^
  File "/opt/hostedtoolcache/Python/3.12.13/x64/lib/python3.12/urllib/request.py", line 630, in http_response
    response = self.parent.error(
               ^^^^^^^^^^^^^^^^^^
  File "/opt/hostedtoolcache/Python/3.12.13/x64/lib/python3.12/urllib/request.py", line 559, in error
    return self._call_chain(*args)
           ^^^^^^^^^^^^^^^^^^^^^^^
  File "/opt/hostedtoolcache/Python/3.12.13/x64/lib/python3.12/urllib/request.py", line 492, in _call_chain
    result = func(*args)
             ^^^^^^^^^^^
  File "/opt/hostedtoolcache/Python/3.12.13/x64/lib/python3.12/urllib/request.py", line 639, in http_error_default
    raise HTTPError(req.full_url, code, msg, hdrs, fp)
urllib.error.HTTPError: HTTP Error 451: 

[2026-03-30 22:23:19 UTC] ==================================================
[2026-03-30 22:23:19 UTC] ALADDIN GITHUB ACTIONS — Ejecucion
[2026-03-30 22:23:19 UTC] ==================================================
CRASH[2026-03-30 22:23:20 UTC]:HTTP Error 451: 
Traceback (most recent call last):
  File "/home/runner/work/aladdin-bot/aladdin-bot/bot/aladdin_bot.py", line 284, in <module>
    try: main()
         ^^^^^^
  File "/home/runner/work/aladdin-bot/aladdin-bot/bot/aladdin_bot.py", line 259, in main
    state = load_state(); usdt = get_balance("USDT"); equity = current_equity(state, usdt)
                                 ^^^^^^^^^^^^^^^^^^^
  File "/home/runner/work/aladdin-bot/aladdin-bot/bot/aladdin_bot.py", line 79, in get_balance
    c, d = signed_get("/api/v3/account", {})
           ^^^^^^^^^^^^^^^^^^^^^^^^^^^^^^^^^
  File "/home/runner/work/aladdin-bot/aladdin-bot/bot/aladdin_bot.py", line 67, in signed_get
    params = dict(params); params["timestamp"] = api_server_time(); params["recvWindow"] = 5000
                                                 ^^^^^^^^^^^^^^^^^
  File "/home/runner/work/aladdin-bot/aladdin-bot/bot/aladdin_bot.py", line 58, in api_server_time
    _, d = http_request(f"{BASE_URL}/api/v3/time")
           ^^^^^^^^^^^^^^^^^^^^^^^^^^^^^^^^^^^^^^^
  File "/home/runner/work/aladdin-bot/aladdin-bot/bot/aladdin_bot.py", line 49, in http_request
    with urllib.request.urlopen(req, timeout=timeout, context=ctx) as resp:
         ^^^^^^^^^^^^^^^^^^^^^^^^^^^^^^^^^^^^^^^^^^^^^^^^^^^^^^^^^
  File "/opt/hostedtoolcache/Python/3.12.13/x64/lib/python3.12/urllib/request.py", line 215, in urlopen
    return opener.open(url, data, timeout)
           ^^^^^^^^^^^^^^^^^^^^^^^^^^^^^^^
  File "/opt/hostedtoolcache/Python/3.12.13/x64/lib/python3.12/urllib/request.py", line 521, in open
    response = meth(req, response)
               ^^^^^^^^^^^^^^^^^^^
  File "/opt/hostedtoolcache/Python/3.12.13/x64/lib/python3.12/urllib/request.py", line 630, in http_response
    response = self.parent.error(
               ^^^^^^^^^^^^^^^^^^
  File "/opt/hostedtoolcache/Python/3.12.13/x64/lib/python3.12/urllib/request.py", line 559, in error
    return self._call_chain(*args)
           ^^^^^^^^^^^^^^^^^^^^^^^
  File "/opt/hostedtoolcache/Python/3.12.13/x64/lib/python3.12/urllib/request.py", line 492, in _call_chain
    result = func(*args)
             ^^^^^^^^^^^
  File "/opt/hostedtoolcache/Python/3.12.13/x64/lib/python3.12/urllib/request.py", line 639, in http_error_default
    raise HTTPError(req.full_url, code, msg, hdrs, fp)
urllib.error.HTTPError: HTTP Error 451: 

[2026-03-30 23:00:18 UTC] ==================================================
[2026-03-30 23:00:18 UTC] ALADDIN GITHUB ACTIONS — Ejecucion
[2026-03-30 23:00:18 UTC] ==================================================
CRASH[2026-03-30 23:00:18 UTC]:HTTP Error 451: 
Traceback (most recent call last):
  File "/home/runner/work/aladdin-bot/aladdin-bot/bot/aladdin_bot.py", line 284, in <module>
    try: main()
         ^^^^^^
  File "/home/runner/work/aladdin-bot/aladdin-bot/bot/aladdin_bot.py", line 259, in main
    state = load_state(); usdt = get_balance("USDT"); equity = current_equity(state, usdt)
                                 ^^^^^^^^^^^^^^^^^^^
  File "/home/runner/work/aladdin-bot/aladdin-bot/bot/aladdin_bot.py", line 79, in get_balance
    c, d = signed_get("/api/v3/account", {})
           ^^^^^^^^^^^^^^^^^^^^^^^^^^^^^^^^^
  File "/home/runner/work/aladdin-bot/aladdin-bot/bot/aladdin_bot.py", line 67, in signed_get
    params = dict(params); params["timestamp"] = api_server_time(); params["recvWindow"] = 5000
                                                 ^^^^^^^^^^^^^^^^^
  File "/home/runner/work/aladdin-bot/aladdin-bot/bot/aladdin_bot.py", line 58, in api_server_time
    _, d = http_request(f"{BASE_URL}/api/v3/time")
           ^^^^^^^^^^^^^^^^^^^^^^^^^^^^^^^^^^^^^^^
  File "/home/runner/work/aladdin-bot/aladdin-bot/bot/aladdin_bot.py", line 49, in http_request
    with urllib.request.urlopen(req, timeout=timeout, context=ctx) as resp:
         ^^^^^^^^^^^^^^^^^^^^^^^^^^^^^^^^^^^^^^^^^^^^^^^^^^^^^^^^^
  File "/opt/hostedtoolcache/Python/3.12.13/x64/lib/python3.12/urllib/request.py", line 215, in urlopen
    return opener.open(url, data, timeout)
           ^^^^^^^^^^^^^^^^^^^^^^^^^^^^^^^
  File "/opt/hostedtoolcache/Python/3.12.13/x64/lib/python3.12/urllib/request.py", line 521, in open
    response = meth(req, response)
               ^^^^^^^^^^^^^^^^^^^
  File "/opt/hostedtoolcache/Python/3.12.13/x64/lib/python3.12/urllib/request.py", line 630, in http_response
    response = self.parent.error(
               ^^^^^^^^^^^^^^^^^^
  File "/opt/hostedtoolcache/Python/3.12.13/x64/lib/python3.12/urllib/request.py", line 559, in error
    return self._call_chain(*args)
           ^^^^^^^^^^^^^^^^^^^^^^^
  File "/opt/hostedtoolcache/Python/3.12.13/x64/lib/python3.12/urllib/request.py", line 492, in _call_chain
    result = func(*args)
             ^^^^^^^^^^^
  File "/opt/hostedtoolcache/Python/3.12.13/x64/lib/python3.12/urllib/request.py", line 639, in http_error_default
    raise HTTPError(req.full_url, code, msg, hdrs, fp)
urllib.error.HTTPError: HTTP Error 451: 

[2026-03-30 23:49:23 UTC] ==================================================
[2026-03-30 23:49:23 UTC] ALADDIN GITHUB ACTIONS — Ejecucion
[2026-03-30 23:49:23 UTC] ==================================================
CRASH[2026-03-30 23:49:23 UTC]:HTTP Error 451: 
Traceback (most recent call last):
  File "/home/runner/work/aladdin-bot/aladdin-bot/bot/aladdin_bot.py", line 284, in <module>
    try: main()
         ^^^^^^
  File "/home/runner/work/aladdin-bot/aladdin-bot/bot/aladdin_bot.py", line 259, in main
    state = load_state(); usdt = get_balance("USDT"); equity = current_equity(state, usdt)
                                 ^^^^^^^^^^^^^^^^^^^
  File "/home/runner/work/aladdin-bot/aladdin-bot/bot/aladdin_bot.py", line 79, in get_balance
    c, d = signed_get("/api/v3/account", {})
           ^^^^^^^^^^^^^^^^^^^^^^^^^^^^^^^^^
  File "/home/runner/work/aladdin-bot/aladdin-bot/bot/aladdin_bot.py", line 67, in signed_get
    params = dict(params); params["timestamp"] = api_server_time(); params["recvWindow"] = 5000
                                                 ^^^^^^^^^^^^^^^^^
  File "/home/runner/work/aladdin-bot/aladdin-bot/bot/aladdin_bot.py", line 58, in api_server_time
    _, d = http_request(f"{BASE_URL}/api/v3/time")
           ^^^^^^^^^^^^^^^^^^^^^^^^^^^^^^^^^^^^^^^
  File "/home/runner/work/aladdin-bot/aladdin-bot/bot/aladdin_bot.py", line 49, in http_request
    with urllib.request.urlopen(req, timeout=timeout, context=ctx) as resp:
         ^^^^^^^^^^^^^^^^^^^^^^^^^^^^^^^^^^^^^^^^^^^^^^^^^^^^^^^^^
  File "/opt/hostedtoolcache/Python/3.12.13/x64/lib/python3.12/urllib/request.py", line 215, in urlopen
    return opener.open(url, data, timeout)
           ^^^^^^^^^^^^^^^^^^^^^^^^^^^^^^^
  File "/opt/hostedtoolcache/Python/3.12.13/x64/lib/python3.12/urllib/request.py", line 521, in open
    response = meth(req, response)
               ^^^^^^^^^^^^^^^^^^^
  File "/opt/hostedtoolcache/Python/3.12.13/x64/lib/python3.12/urllib/request.py", line 630, in http_response
    response = self.parent.error(
               ^^^^^^^^^^^^^^^^^^
  File "/opt/hostedtoolcache/Python/3.12.13/x64/lib/python3.12/urllib/request.py", line 559, in error
    return self._call_chain(*args)
           ^^^^^^^^^^^^^^^^^^^^^^^
  File "/opt/hostedtoolcache/Python/3.12.13/x64/lib/python3.12/urllib/request.py", line 492, in _call_chain
    result = func(*args)
             ^^^^^^^^^^^
  File "/opt/hostedtoolcache/Python/3.12.13/x64/lib/python3.12/urllib/request.py", line 639, in http_error_default
    raise HTTPError(req.full_url, code, msg, hdrs, fp)
urllib.error.HTTPError: HTTP Error 451: 

